<?xml version="1.0" encoding="UTF-8"?>
<!-- Generated by org.testng.reporters.JUnitXMLReporter -->
<testsuite hostname="RV130" failures="0" tests="2" name="Create New Product [Chrome]" time="31.913" errors="0" timestamp="17 Oct 2017 11:10:24 GMT">
  <testcase classname="myprojects.automation.assignment4.tests.CreateProductTest" name="createNewProduct" time="17.854"/>
  <testcase classname="myprojects.automation.assignment4.tests.CreateProductTest" name="verifyProduct" time="8.466"/>
</testsuite> <!-- Create New Product [Chrome] -->
